<testsuites name="jest tests" tests="6" failures="6" time="1.23">
  <testsuite name="Hacker Dormitory" errors="0" failures="6" skipped="0" timestamp="2021-12-28T22:41:51" time="1.23" tests="6">
    <testcase classname="Hacker Dormitory should add valid students in Residents list" name="Hacker Dormitory should add valid students in Residents list" time="0.043">
      <failure>Error: expect(received).toEqual(expected) // deep equality

Expected: &quot;adam&quot;
Received: &quot;john&quot;
    at Object.&lt;anonymous&gt; (/home/pagodoy/Documents/personal/santander-challenge/ex-6/4480f34f-25c0-47cb-8932-fa8ef4c814bc/src/App.test.js:39:56)
    at Object.asyncJestTest (/home/pagodoy/Documents/personal/santander-challenge/ex-6/4480f34f-25c0-47cb-8932-fa8ef4c814bc/node_modules/jest-jasmine2/build/jasmineAsyncInstall.js:102:37)
    at /home/pagodoy/Documents/personal/santander-challenge/ex-6/4480f34f-25c0-47cb-8932-fa8ef4c814bc/node_modules/jest-jasmine2/build/queueRunner.js:43:12
    at new Promise (&lt;anonymous&gt;)
    at mapper (/home/pagodoy/Documents/personal/santander-challenge/ex-6/4480f34f-25c0-47cb-8932-fa8ef4c814bc/node_modules/jest-jasmine2/build/queueRunner.js:26:19)
    at /home/pagodoy/Documents/personal/santander-challenge/ex-6/4480f34f-25c0-47cb-8932-fa8ef4c814bc/node_modules/jest-jasmine2/build/queueRunner.js:73:41
    at processTicksAndRejections (internal/process/task_queues.js:95:5)</failure>
    </testcase>
    <testcase classname="Hacker Dormitory should add valid students without case sensitivity" name="Hacker Dormitory should add valid students without case sensitivity" time="0.009">
      <failure>Error: expect(received).toEqual(expected) // deep equality

Expected: &quot;adam&quot;
Received: &quot;john&quot;
    at Object.&lt;anonymous&gt; (/home/pagodoy/Documents/personal/santander-challenge/ex-6/4480f34f-25c0-47cb-8932-fa8ef4c814bc/src/App.test.js:53:56)
    at Object.asyncJestTest (/home/pagodoy/Documents/personal/santander-challenge/ex-6/4480f34f-25c0-47cb-8932-fa8ef4c814bc/node_modules/jest-jasmine2/build/jasmineAsyncInstall.js:102:37)
    at /home/pagodoy/Documents/personal/santander-challenge/ex-6/4480f34f-25c0-47cb-8932-fa8ef4c814bc/node_modules/jest-jasmine2/build/queueRunner.js:43:12
    at new Promise (&lt;anonymous&gt;)
    at mapper (/home/pagodoy/Documents/personal/santander-challenge/ex-6/4480f34f-25c0-47cb-8932-fa8ef4c814bc/node_modules/jest-jasmine2/build/queueRunner.js:26:19)
    at /home/pagodoy/Documents/personal/santander-challenge/ex-6/4480f34f-25c0-47cb-8932-fa8ef4c814bc/node_modules/jest-jasmine2/build/queueRunner.js:73:41
    at processTicksAndRejections (internal/process/task_queues.js:95:5)</failure>
    </testcase>
    <testcase classname="Hacker Dormitory should clear the input fields after adding a new student" name="Hacker Dormitory should clear the input fields after adding a new student" time="0.008">
      <failure>Error: expect(received).toEqual(expected) // deep equality

Expected: &quot;&quot;
Received: &quot;Adam&quot;
    at Object.&lt;anonymous&gt; (/home/pagodoy/Documents/personal/santander-challenge/ex-6/4480f34f-25c0-47cb-8932-fa8ef4c814bc/src/App.test.js:60:28)
    at Object.asyncJestTest (/home/pagodoy/Documents/personal/santander-challenge/ex-6/4480f34f-25c0-47cb-8932-fa8ef4c814bc/node_modules/jest-jasmine2/build/jasmineAsyncInstall.js:102:37)
    at /home/pagodoy/Documents/personal/santander-challenge/ex-6/4480f34f-25c0-47cb-8932-fa8ef4c814bc/node_modules/jest-jasmine2/build/queueRunner.js:43:12
    at new Promise (&lt;anonymous&gt;)
    at mapper (/home/pagodoy/Documents/personal/santander-challenge/ex-6/4480f34f-25c0-47cb-8932-fa8ef4c814bc/node_modules/jest-jasmine2/build/queueRunner.js:26:19)
    at /home/pagodoy/Documents/personal/santander-challenge/ex-6/4480f34f-25c0-47cb-8932-fa8ef4c814bc/node_modules/jest-jasmine2/build/queueRunner.js:73:41
    at processTicksAndRejections (internal/process/task_queues.js:95:5)</failure>
    </testcase>
    <testcase classname="Hacker Dormitory should show error on trying to add a student who is not in the list" name="Hacker Dormitory should show error on trying to add a student who is not in the list" time="0.012">
      <failure>Error: Unable to find an element by: [data-testid=&quot;errorMsg&quot;]

&lt;body&gt;
  &lt;div&gt;
    &lt;div
      class=&quot;App&quot;
    &gt;
      &lt;h8k-navbar
        header=&quot;Hacker Dormitory&quot;
      /&gt;
      &lt;div
        class=&quot;layout-column justify-content-center align-items-center w-50 mx-auto&quot;
      &gt;
        &lt;form
          class=&quot;my-50 layout-row align-items-end justify-content-end&quot;
        &gt;
          &lt;label
            for=&quot;studentName&quot;
          &gt;
            Student Name:
            &lt;div&gt;
              &lt;input
                class=&quot;mr-30 mt-10&quot;
                data-testid=&quot;studentName&quot;
                id=&quot;studentName&quot;
                type=&quot;text&quot;
                value=&quot;Anderson&quot;
              /&gt;
            &lt;/div&gt;
          &lt;/label&gt;
          &lt;label
            for=&quot;joiningDate&quot;
          &gt;
            Joining Date:
            &lt;div&gt;
              &lt;input
                class=&quot;mr-30 mt-10&quot;
                data-testid=&quot;joiningDate&quot;
                id=&quot;joiningDate&quot;
                type=&quot;date&quot;
              /&gt;
            &lt;/div&gt;
          &lt;/label&gt;
          &lt;button
            class=&quot;small mb-0&quot;
            data-testid=&quot;addBtn&quot;
            type=&quot;submit&quot;
          &gt;
            Add
          &lt;/button&gt;
        &lt;/form&gt;
        &lt;div
          class=&quot;pa-10 mt-10 w-75&quot;
        &gt;
          &lt;div
            class=&quot;font-weight-bold text-center&quot;
          &gt;
            Residents List
          &lt;/div&gt;
          &lt;ul
            class=&quot;mt-10 styled w-50 mx-auto&quot;
            data-testid=&quot;residentsNameList&quot;
          &gt;
            &lt;li
              class=&quot;slide-up-fade-in&quot;
            &gt;
              John
            &lt;/li&gt;
          &lt;/ul&gt;
        &lt;/div&gt;
      &lt;/div&gt;
    &lt;/div&gt;
  &lt;/div&gt;
&lt;/body&gt;
    at getElementError (/home/pagodoy/Documents/personal/santander-challenge/ex-6/4480f34f-25c0-47cb-8932-fa8ef4c814bc/node_modules/@testing-library/dom/dist/query-helpers.js:46:10)
    at /home/pagodoy/Documents/personal/santander-challenge/ex-6/4480f34f-25c0-47cb-8932-fa8ef4c814bc/node_modules/@testing-library/dom/dist/query-helpers.js:100:13
    at getByTestId (/home/pagodoy/Documents/personal/santander-challenge/ex-6/4480f34f-25c0-47cb-8932-fa8ef4c814bc/node_modules/@testing-library/dom/dist/query-helpers.js:83:17)
    at Object.&lt;anonymous&gt; (/home/pagodoy/Documents/personal/santander-challenge/ex-6/4480f34f-25c0-47cb-8932-fa8ef4c814bc/src/App.test.js:68:17)
    at Object.asyncJestTest (/home/pagodoy/Documents/personal/santander-challenge/ex-6/4480f34f-25c0-47cb-8932-fa8ef4c814bc/node_modules/jest-jasmine2/build/jasmineAsyncInstall.js:102:37)
    at /home/pagodoy/Documents/personal/santander-challenge/ex-6/4480f34f-25c0-47cb-8932-fa8ef4c814bc/node_modules/jest-jasmine2/build/queueRunner.js:43:12
    at new Promise (&lt;anonymous&gt;)
    at mapper (/home/pagodoy/Documents/personal/santander-challenge/ex-6/4480f34f-25c0-47cb-8932-fa8ef4c814bc/node_modules/jest-jasmine2/build/queueRunner.js:26:19)
    at /home/pagodoy/Documents/personal/santander-challenge/ex-6/4480f34f-25c0-47cb-8932-fa8ef4c814bc/node_modules/jest-jasmine2/build/queueRunner.js:73:41
    at processTicksAndRejections (internal/process/task_queues.js:95:5)</failure>
    </testcase>
    <testcase classname="Hacker Dormitory should show error on trying to add a student whose validity has expired" name="Hacker Dormitory should show error on trying to add a student whose validity has expired" time="0.009">
      <failure>Error: Unable to find an element by: [data-testid=&quot;errorMsg&quot;]

&lt;body&gt;
  &lt;div&gt;
    &lt;div
      class=&quot;App&quot;
    &gt;
      &lt;h8k-navbar
        header=&quot;Hacker Dormitory&quot;
      /&gt;
      &lt;div
        class=&quot;layout-column justify-content-center align-items-center w-50 mx-auto&quot;
      &gt;
        &lt;form
          class=&quot;my-50 layout-row align-items-end justify-content-end&quot;
        &gt;
          &lt;label
            for=&quot;studentName&quot;
          &gt;
            Student Name:
            &lt;div&gt;
              &lt;input
                class=&quot;mr-30 mt-10&quot;
                data-testid=&quot;studentName&quot;
                id=&quot;studentName&quot;
                type=&quot;text&quot;
                value=&quot;Bonnie&quot;
              /&gt;
            &lt;/div&gt;
          &lt;/label&gt;
          &lt;label
            for=&quot;joiningDate&quot;
          &gt;
            Joining Date:
            &lt;div&gt;
              &lt;input
                class=&quot;mr-30 mt-10&quot;
                data-testid=&quot;joiningDate&quot;
                id=&quot;joiningDate&quot;
                type=&quot;date&quot;
              /&gt;
            &lt;/div&gt;
          &lt;/label&gt;
          &lt;button
            class=&quot;small mb-0&quot;
            data-testid=&quot;addBtn&quot;
            type=&quot;submit&quot;
          &gt;
            Add
          &lt;/button&gt;
        &lt;/form&gt;
        &lt;div
          class=&quot;pa-10 mt-10 w-75&quot;
        &gt;
          &lt;div
            class=&quot;font-weight-bold text-center&quot;
          &gt;
            Residents List
          &lt;/div&gt;
          &lt;ul
            class=&quot;mt-10 styled w-50 mx-auto&quot;
            data-testid=&quot;residentsNameList&quot;
          &gt;
            &lt;li
              class=&quot;slide-up-fade-in&quot;
            &gt;
              John
            &lt;/li&gt;
          &lt;/ul&gt;
        &lt;/div&gt;
      &lt;/div&gt;
    &lt;/div&gt;
  &lt;/div&gt;
&lt;/body&gt;
    at getElementError (/home/pagodoy/Documents/personal/santander-challenge/ex-6/4480f34f-25c0-47cb-8932-fa8ef4c814bc/node_modules/@testing-library/dom/dist/query-helpers.js:46:10)
    at /home/pagodoy/Documents/personal/santander-challenge/ex-6/4480f34f-25c0-47cb-8932-fa8ef4c814bc/node_modules/@testing-library/dom/dist/query-helpers.js:100:13
    at getByTestId (/home/pagodoy/Documents/personal/santander-challenge/ex-6/4480f34f-25c0-47cb-8932-fa8ef4c814bc/node_modules/@testing-library/dom/dist/query-helpers.js:83:17)
    at Object.&lt;anonymous&gt; (/home/pagodoy/Documents/personal/santander-challenge/ex-6/4480f34f-25c0-47cb-8932-fa8ef4c814bc/src/App.test.js:82:19)
    at Object.asyncJestTest (/home/pagodoy/Documents/personal/santander-challenge/ex-6/4480f34f-25c0-47cb-8932-fa8ef4c814bc/node_modules/jest-jasmine2/build/jasmineAsyncInstall.js:102:37)
    at /home/pagodoy/Documents/personal/santander-challenge/ex-6/4480f34f-25c0-47cb-8932-fa8ef4c814bc/node_modules/jest-jasmine2/build/queueRunner.js:43:12
    at new Promise (&lt;anonymous&gt;)
    at mapper (/home/pagodoy/Documents/personal/santander-challenge/ex-6/4480f34f-25c0-47cb-8932-fa8ef4c814bc/node_modules/jest-jasmine2/build/queueRunner.js:26:19)
    at /home/pagodoy/Documents/personal/santander-challenge/ex-6/4480f34f-25c0-47cb-8932-fa8ef4c814bc/node_modules/jest-jasmine2/build/queueRunner.js:73:41
    at processTicksAndRejections (internal/process/task_queues.js:95:5)</failure>
    </testcase>
    <testcase classname="Hacker Dormitory should hold the correct list and error message after series of Students addition" name="Hacker Dormitory should hold the correct list and error message after series of Students addition" time="0.018">
      <failure>Error: Unable to find an element by: [data-testid=&quot;errorMsg&quot;]

&lt;body&gt;
  &lt;div&gt;
    &lt;div
      class=&quot;App&quot;
    &gt;
      &lt;h8k-navbar
        header=&quot;Hacker Dormitory&quot;
      /&gt;
      &lt;div
        class=&quot;layout-column justify-content-center align-items-center w-50 mx-auto&quot;
      &gt;
        &lt;form
          class=&quot;my-50 layout-row align-items-end justify-content-end&quot;
        &gt;
          &lt;label
            for=&quot;studentName&quot;
          &gt;
            Student Name:
            &lt;div&gt;
              &lt;input
                class=&quot;mr-30 mt-10&quot;
                data-testid=&quot;studentName&quot;
                id=&quot;studentName&quot;
                type=&quot;text&quot;
                value=&quot;Talisk&quot;
              /&gt;
            &lt;/div&gt;
          &lt;/label&gt;
          &lt;label
            for=&quot;joiningDate&quot;
          &gt;
            Joining Date:
            &lt;div&gt;
              &lt;input
                class=&quot;mr-30 mt-10&quot;
                data-testid=&quot;joiningDate&quot;
                id=&quot;joiningDate&quot;
                type=&quot;date&quot;
              /&gt;
            &lt;/div&gt;
          &lt;/label&gt;
          &lt;button
            class=&quot;small mb-0&quot;
            data-testid=&quot;addBtn&quot;
            type=&quot;submit&quot;
          &gt;
            Add
          &lt;/button&gt;
        &lt;/form&gt;
        &lt;div
          class=&quot;pa-10 mt-10 w-75&quot;
        &gt;
          &lt;div
            class=&quot;font-weight-bold text-center&quot;
          &gt;
            Residents List
          &lt;/div&gt;
          &lt;ul
            class=&quot;mt-10 styled w-50 mx-auto&quot;
            data-testid=&quot;residentsNameList&quot;
          &gt;
            &lt;li
              class=&quot;slide-up-fade-in&quot;
            &gt;
              John
            &lt;/li&gt;
            &lt;li
              class=&quot;slide-up-fade-in&quot;
            &gt;
              John
            &lt;/li&gt;
            &lt;li
              class=&quot;slide-up-fade-in&quot;
            &gt;
              John
            &lt;/li&gt;
          &lt;/ul&gt;
        &lt;/div&gt;
      &lt;/div&gt;
    &lt;/div&gt;
  &lt;/div&gt;
&lt;/body&gt;
    at getElementError (/home/pagodoy/Documents/personal/santander-challenge/ex-6/4480f34f-25c0-47cb-8932-fa8ef4c814bc/node_modules/@testing-library/dom/dist/query-helpers.js:46:10)
    at /home/pagodoy/Documents/personal/santander-challenge/ex-6/4480f34f-25c0-47cb-8932-fa8ef4c814bc/node_modules/@testing-library/dom/dist/query-helpers.js:100:13
    at getByTestId (/home/pagodoy/Documents/personal/santander-challenge/ex-6/4480f34f-25c0-47cb-8932-fa8ef4c814bc/node_modules/@testing-library/dom/dist/query-helpers.js:83:17)
    at Object.&lt;anonymous&gt; (/home/pagodoy/Documents/personal/santander-challenge/ex-6/4480f34f-25c0-47cb-8932-fa8ef4c814bc/src/App.test.js:100:17)
    at Object.asyncJestTest (/home/pagodoy/Documents/personal/santander-challenge/ex-6/4480f34f-25c0-47cb-8932-fa8ef4c814bc/node_modules/jest-jasmine2/build/jasmineAsyncInstall.js:102:37)
    at /home/pagodoy/Documents/personal/santander-challenge/ex-6/4480f34f-25c0-47cb-8932-fa8ef4c814bc/node_modules/jest-jasmine2/build/queueRunner.js:43:12
    at new Promise (&lt;anonymous&gt;)
    at mapper (/home/pagodoy/Documents/personal/santander-challenge/ex-6/4480f34f-25c0-47cb-8932-fa8ef4c814bc/node_modules/jest-jasmine2/build/queueRunner.js:26:19)
    at /home/pagodoy/Documents/personal/santander-challenge/ex-6/4480f34f-25c0-47cb-8932-fa8ef4c814bc/node_modules/jest-jasmine2/build/queueRunner.js:73:41
    at processTicksAndRejections (internal/process/task_queues.js:95:5)</failure>
    </testcase>
  </testsuite>
</testsuites>